<?xml version="1.0" encoding="UTF-8"?>
<!-- Generated by org.testng.reporters.JUnitReportReporter -->
<testsuite hostname="DESKTOP-8L19U7K" failures="0" tests="1" name="testCases.TC001_Login" time="6.633" errors="0" timestamp="2024-09-17T23:01:12 GMT-07:00" skipped="0">
  <testcase classname="testCases.TC001_Login" name="loginTest" time="6.633"/>
</testsuite> <!-- testCases.TC001_Login -->
