<?xml version="1.0" encoding="UTF-8"?>
<!-- Generated by org.testng.reporters.JUnitReportReporter -->
<testsuite hostname="DESKTOP-8L19U7K" failures="0" tests="2" name="testCases.TC002_ChangePassword" time="9.219" errors="0" timestamp="2024-09-17T23:29:45 GMT-07:00" skipped="0">
  <testcase classname="testCases.TC002_ChangePassword" name="changePassword" time="2.119"/>
  <testcase classname="testCases.TC002_ChangePassword" name="loginTest" time="7.100"/>
</testsuite> <!-- testCases.TC002_ChangePassword -->
